<?xml version="1.0" encoding="UTF-8"?>
<!-- Generated by org.testng.reporters.JUnitReportReporter -->
<testsuite hostname="DESKTOP-FBE7IIT" failures="0" tests="1" name="runners.RegistrationDataTableRunner" time="0.406" errors="0" timestamp="2023-09-26T11:01:36 IST" skipped="0">
  <testcase classname="runners.RegistrationDataTableRunner" name="runScenario" time="0.406"/>
  <system-out/>
</testsuite> <!-- runners.RegistrationDataTableRunner -->
