<?xml version="1.0" encoding="UTF-8"?>
<!-- Generated by org.testng.reporters.JUnitReportReporter -->
<testsuite hostname="DESKTOP-FBE7IIT" failures="0" tests="3" name="runners.ProfileRunnner" time="0.424" errors="0" timestamp="2023-11-28T12:28:03 IST" skipped="0">
  <testcase classname="runners.ProfileRunnner" name="runScenario" time="0.290"/>
  <system-out/>
  <testcase classname="runners.ProfileRunnner" name="runScenario" time="0.071"/>
  <system-out/>
  <testcase classname="runners.ProfileRunnner" name="runScenario" time="0.063"/>
  <system-out/>
</testsuite> <!-- runners.ProfileRunnner -->
