<?xml version="1.0" encoding="UTF-8"?>
<!-- Generated by org.testng.reporters.JUnitReportReporter -->
<testsuite hostname="DESKTOP-FBE7IIT" failures="0" tests="4" name="runners.ScenarioOutlineRunner" time="0.339" errors="0" timestamp="2023-09-08T09:05:51 IST" skipped="0">
  <testcase classname="runners.ScenarioOutlineRunner" name="runScenario" time="0.218"/>
  <system-out/>
  <testcase classname="runners.ScenarioOutlineRunner" name="runScenario" time="0.034"/>
  <system-out/>
  <testcase classname="runners.ScenarioOutlineRunner" name="runScenario" time="0.040"/>
  <system-out/>
  <testcase classname="runners.ScenarioOutlineRunner" name="runScenario" time="0.047"/>
  <system-out/>
</testsuite> <!-- runners.ScenarioOutlineRunner -->
