<?xml version="1.0" encoding="UTF-8"?>
<!-- Generated by org.testng.reporters.JUnitReportReporter -->
<testsuite hostname="DESKTOP-FBE7IIT" failures="0" tests="2" name="runners.OrderRunner" time="0.173" errors="0" timestamp="2023-09-07T20:26:00 IST" skipped="0">
  <testcase classname="runners.OrderRunner" name="runScenario" time="0.151"/>
  <system-out/>
  <testcase classname="runners.OrderRunner" name="runScenario" time="0.022"/>
  <system-out/>
</testsuite> <!-- runners.OrderRunner -->
