<?xml version="1.0" encoding="UTF-8"?>
<!-- Generated by org.testng.reporters.JUnitReportReporter -->
<testsuite hostname="DESKTOP-FBE7IIT" failures="0" tests="1" name="runners.LoginRunner" time="0.228" errors="0" timestamp="2023-09-11T06:19:43 IST" skipped="0">
  <testcase classname="runners.LoginRunner" name="runScenario" time="0.228"/>
  <system-out/>
</testsuite> <!-- runners.LoginRunner -->
