<?xml version="1.0" encoding="UTF-8"?>
<!-- Generated by org.testng.reporters.JUnitReportReporter -->
<testsuite hostname="DESKTOP-FBE7IIT" failures="0" tests="1" name="runners.ProfilePictureRunner" time="0.248" errors="0" timestamp="2023-11-29T19:10:28 IST" skipped="0">
  <testcase classname="runners.ProfilePictureRunner" name="runScenario" time="0.248"/>
  <system-out/>
</testsuite> <!-- runners.ProfilePictureRunner -->
